Start testing: Oct 31 08:08 UTC
----------------------------------------------------------
1/1 Testing: test_target_json_test_target
1/1 Test: test_target_json_test_target
Command: "/home/dev/gitLocal/multi-master-tool/common_net_lib/test/json_test_target"
Directory: /home/dev/gitLocal/multi-master-tool/common_net_lib/test
"test_target_json_test_target" start time: Oct 31 08:08 UTC
Output:
----------------------------------------------------------
JSON TEST SUCCESS
<end of output>
Test time =   0.04 sec
----------------------------------------------------------
Test Pass Reason:
Required regular expression found. Regex=[TEST SUCCESS]
"test_target_json_test_target" end time: Oct 31 08:08 UTC
"test_target_json_test_target" time elapsed: 00:00:00
----------------------------------------------------------

End testing: Oct 31 08:08 UTC
